<?xml version="1.0" encoding="UTF-8"?>
<!-- Generated by org.testng.reporters.JUnitReportReporter -->
<testsuite skipped="0" hostname="DESKTOP-D8HNM4S" name="tests.TestNGCRUDViaParameters" tests="15" failures="0" timestamp="2020-11-22T01:13:57 IST" time="15.764" errors="0">
  <testcase name="getAllPosts" time="0.812" classname="tests.TestNGCRUDViaParameters"/>
  <system-out>
All posts resource working correctly  </system-out>
  <testcase name="getAllPosts" time="2.077" classname="tests.TestNGCRUDViaParameters"/>
  <system-out>
All posts resource working correctly  </system-out>
  <testcase name="getAllPosts" time="0.796" classname="tests.TestNGCRUDViaParameters"/>
  <system-out>
All posts resource working correctly  </system-out>
  <testcase name="getSpecificPost" time="0.828" classname="tests.TestNGCRUDViaParameters"/>
  <system-out>
Specific post resource working correctly  </system-out>
  <testcase name="getSpecificPost" time="1.141" classname="tests.TestNGCRUDViaParameters"/>
  <system-out>
Specific post resource working correctly  </system-out>
  <testcase name="getSpecificPost" time="0.783" classname="tests.TestNGCRUDViaParameters"/>
  <system-out>
Specific post resource working correctly  </system-out>
  <testcase name="createAPost" time="1.062" classname="tests.TestNGCRUDViaParameters"/>
  <system-out>
Post created succesfully  </system-out>
  <testcase name="createAPost" time="1.500" classname="tests.TestNGCRUDViaParameters"/>
  <system-out>
Post created succesfully  </system-out>
  <testcase name="createAPost" time="0.969" classname="tests.TestNGCRUDViaParameters"/>
  <system-out>
Post created succesfully  </system-out>
  <testcase name="updateAPost" time="0.968" classname="tests.TestNGCRUDViaParameters"/>
  <system-out>
Post updated succesfully  </system-out>
  <testcase name="updateAPost" time="0.984" classname="tests.TestNGCRUDViaParameters"/>
  <system-out>
Post updated succesfully  </system-out>
  <testcase name="updateAPost" time="0.891" classname="tests.TestNGCRUDViaParameters"/>
  <system-out>
Post updated succesfully  </system-out>
  <testcase name="deleteAPost" time="0.985" classname="tests.TestNGCRUDViaParameters"/>
  <system-out>
Post deleted succesfully  </system-out>
  <testcase name="deleteAPost" time="1.000" classname="tests.TestNGCRUDViaParameters"/>
  <system-out>
Post deleted succesfully  </system-out>
  <testcase name="deleteAPost" time="0.968" classname="tests.TestNGCRUDViaParameters"/>
  <system-out>
Post deleted succesfully  </system-out>
</testsuite> <!-- tests.TestNGCRUDViaParameters -->
