<?xml version="1.0" encoding="UTF-8"?>
<!-- Generated by org.testng.reporters.JUnitReportReporter -->
<testsuite skipped="0" hostname="DESKTOP-D8HNM4S" name="tests.MultipleMethodsTakingSameDataFromOneDataProvider" tests="16" failures="0" timestamp="2020-11-10T00:32:27 IST" time="0.139" errors="0">
  <testcase name="addition" time="0.023" classname="tests.MultipleMethodsTakingSameDataFromOneDataProvider"/>
  <system-out/>
  <testcase name="addition" time="0.014" classname="tests.MultipleMethodsTakingSameDataFromOneDataProvider"/>
  <system-out/>
  <testcase name="addition" time="0.000" classname="tests.MultipleMethodsTakingSameDataFromOneDataProvider"/>
  <system-out/>
  <testcase name="addition" time="0.009" classname="tests.MultipleMethodsTakingSameDataFromOneDataProvider"/>
  <system-out/>
  <testcase name="subtraction" time="0.007" classname="tests.MultipleMethodsTakingSameDataFromOneDataProvider"/>
  <system-out/>
  <testcase name="subtraction" time="0.004" classname="tests.MultipleMethodsTakingSameDataFromOneDataProvider"/>
  <system-out/>
  <testcase name="subtraction" time="0.019" classname="tests.MultipleMethodsTakingSameDataFromOneDataProvider"/>
  <system-out/>
  <testcase name="subtraction" time="0.000" classname="tests.MultipleMethodsTakingSameDataFromOneDataProvider"/>
  <system-out/>
  <testcase name="multiplication" time="0.000" classname="tests.MultipleMethodsTakingSameDataFromOneDataProvider"/>
  <system-out/>
  <testcase name="multiplication" time="0.008" classname="tests.MultipleMethodsTakingSameDataFromOneDataProvider"/>
  <system-out/>
  <testcase name="multiplication" time="0.004" classname="tests.MultipleMethodsTakingSameDataFromOneDataProvider"/>
  <system-out/>
  <testcase name="multiplication" time="0.040" classname="tests.MultipleMethodsTakingSameDataFromOneDataProvider"/>
  <system-out/>
  <testcase name="division" time="0.001" classname="tests.MultipleMethodsTakingSameDataFromOneDataProvider"/>
  <system-out/>
  <testcase name="division" time="0.003" classname="tests.MultipleMethodsTakingSameDataFromOneDataProvider"/>
  <system-out/>
  <testcase name="division" time="0.007" classname="tests.MultipleMethodsTakingSameDataFromOneDataProvider"/>
  <system-out/>
  <testcase name="division" time="0.000" classname="tests.MultipleMethodsTakingSameDataFromOneDataProvider"/>
  <system-out/>
</testsuite> <!-- tests.MultipleMethodsTakingSameDataFromOneDataProvider -->
