<?xml version="1.0" encoding="UTF-8"?>
<!-- Generated by org.testng.reporters.JUnitReportReporter -->
<testsuite skipped="0" hostname="DESKTOP-D8HNM4S" name="tests.SoftAssertInTestNG1" tests="2" failures="0" timestamp="2020-11-10T01:04:34 IST" time="0.149" errors="0">
  <testcase name="method1" time="0.144" classname="tests.SoftAssertInTestNG1"/>
  <system-out>
Test Passed  </system-out>
  <testcase name="method2" time="0.005" classname="tests.SoftAssertInTestNG1"/>
  <system-out>
Test Failed  </system-out>
</testsuite> <!-- tests.SoftAssertInTestNG1 -->
