<?xml version="1.0" encoding="UTF-8"?>
<!-- Generated by org.testng.reporters.JUnitReportReporter -->
<testsuite skipped="0" hostname="DESKTOP-D8HNM4S" name="tests.PQRS1" tests="4" failures="0" timestamp="2020-11-08T20:50:17 IST" time="74.221" errors="0">
  <testcase name="launchSite1" time="13.357" classname="tests.PQRS1"/>
  <system-out/>
  <testcase name="launchSite2" time="17.202" classname="tests.PQRS1"/>
  <system-out/>
  <testcase name="launchSite3" time="32.319" classname="tests.PQRS1"/>
  <system-out/>
  <testcase name="launchSite4" time="11.343" classname="tests.PQRS1"/>
  <system-out/>
</testsuite> <!-- tests.PQRS1 -->
