<?xml version="1.0" encoding="UTF-8"?>
<!-- Generated by org.testng.reporters.JUnitReportReporter -->
<testsuite skipped="0" hostname="DESKTOP-D8HNM4S" name="tests.TestNGCRUD2" tests="15" failures="0" timestamp="2020-11-08T19:54:35 IST" time="19.209" errors="0">
  <testcase name="deleteAPost" time="1.053" classname="tests.TestNGCRUD2"/>
  <system-out>
Post deleted succesfully  </system-out>
  <testcase name="deleteAPost" time="1.099" classname="tests.TestNGCRUD2"/>
  <system-out>
Post deleted succesfully  </system-out>
  <testcase name="deleteAPost" time="4.903" classname="tests.TestNGCRUD2"/>
  <system-out>
Post deleted succesfully  </system-out>
  <testcase name="getAllPosts" time="0.777" classname="tests.TestNGCRUD2"/>
  <system-out>
All posts resource working correctly  </system-out>
  <testcase name="getAllPosts" time="0.758" classname="tests.TestNGCRUD2"/>
  <system-out>
All posts resource working correctly  </system-out>
  <testcase name="getAllPosts" time="0.842" classname="tests.TestNGCRUD2"/>
  <system-out>
All posts resource working correctly  </system-out>
  <testcase name="getSpecificPost" time="0.873" classname="tests.TestNGCRUD2"/>
  <system-out>
Specific post resource working correctly  </system-out>
  <testcase name="getSpecificPost" time="1.894" classname="tests.TestNGCRUD2"/>
  <system-out>
Specific post resource working correctly  </system-out>
  <testcase name="getSpecificPost" time="0.774" classname="tests.TestNGCRUD2"/>
  <system-out>
Specific post resource working correctly  </system-out>
  <testcase name="createAPost" time="1.016" classname="tests.TestNGCRUD2"/>
  <system-out>
Post created succesfully  </system-out>
  <testcase name="createAPost" time="1.061" classname="tests.TestNGCRUD2"/>
  <system-out>
Post created succesfully  </system-out>
  <testcase name="createAPost" time="1.114" classname="tests.TestNGCRUD2"/>
  <system-out>
Post created succesfully  </system-out>
  <testcase name="updateAPost" time="0.975" classname="tests.TestNGCRUD2"/>
  <system-out>
Post updated succesfully  </system-out>
  <testcase name="updateAPost" time="1.020" classname="tests.TestNGCRUD2"/>
  <system-out>
Post updated succesfully  </system-out>
  <testcase name="updateAPost" time="1.050" classname="tests.TestNGCRUD2"/>
  <system-out>
Post updated succesfully  </system-out>
</testsuite> <!-- tests.TestNGCRUD2 -->
