<?xml version="1.0" encoding="UTF-8"?>
<!-- Generated by org.testng.reporters.JUnitReportReporter -->
<testsuite skipped="0" hostname="DESKTOP-D8HNM4S" name="tests.TestNGCRUD3" tests="2" failures="0" timestamp="2020-11-08T19:16:04 IST" time="15.072" errors="0">
  <testcase name="method1" time="5.030" classname="tests.TestNGCRUD3"/>
  <system-out/>
  <testcase name="getAllPosts1" time="10.042" classname="tests.TestNGCRUD3"/>
  <system-out/>
</testsuite> <!-- tests.TestNGCRUD3 -->
