<?xml version="1.0" encoding="UTF-8"?>
<!-- Generated by org.testng.reporters.JUnitReportReporter -->
<testsuite skipped="0" hostname="DESKTOP-D8HNM4S" name="tests.PQRS3" tests="4" failures="0" timestamp="2020-11-08T20:50:17 IST" time="67.220" errors="0">
  <testcase name="launchSite1" time="17.246" classname="tests.PQRS3"/>
  <system-out/>
  <testcase name="launchSite2" time="16.736" classname="tests.PQRS3"/>
  <system-out/>
  <testcase name="launchSite3" time="19.402" classname="tests.PQRS3"/>
  <system-out/>
  <testcase name="launchSite4" time="13.836" classname="tests.PQRS3"/>
  <system-out/>
</testsuite> <!-- tests.PQRS3 -->
