<?xml version="1.0" encoding="UTF-8"?>
<!-- Generated by org.testng.reporters.JUnitReportReporter -->
<testsuite skipped="0" hostname="DESKTOP-D8HNM4S" name="tests.TestNGCRUDViaDataProviderOnlyParameterizedMethod" tests="6" failures="0" timestamp="2020-11-09T19:47:15 IST" time="8.749" errors="0">
  <testcase name="createAPost" time="0.822" classname="tests.TestNGCRUDViaDataProviderOnlyParameterizedMethod"/>
  <system-out>
Post created succesfully  </system-out>
  <testcase name="createAPost" time="0.866" classname="tests.TestNGCRUDViaDataProviderOnlyParameterizedMethod"/>
  <system-out>
Post created succesfully  </system-out>
  <testcase name="createAPost" time="0.871" classname="tests.TestNGCRUDViaDataProviderOnlyParameterizedMethod"/>
  <system-out>
Post created succesfully  </system-out>
  <testcase name="createAPost" time="0.970" classname="tests.TestNGCRUDViaDataProviderOnlyParameterizedMethod"/>
  <system-out>
Post created succesfully  </system-out>
  <testcase name="createAPost" time="3.473" classname="tests.TestNGCRUDViaDataProviderOnlyParameterizedMethod"/>
  <system-out>
Post created succesfully  </system-out>
  <testcase name="createAPost" time="1.747" classname="tests.TestNGCRUDViaDataProviderOnlyParameterizedMethod"/>
  <system-out>
Post created succesfully  </system-out>
</testsuite> <!-- tests.TestNGCRUDViaDataProviderOnlyParameterizedMethod -->
