<?xml version="1.0" encoding="UTF-8"?>
<!-- Generated by org.testng.reporters.JUnitReportReporter -->
<testsuite skipped="0" hostname="DESKTOP-D8HNM4S" name="tests.Abcd" tests="3" failures="0" timestamp="2020-11-08T20:06:45 IST" time="6.107" errors="0">
  <testcase name="createAPost" time="4.425" classname="tests.Abcd"/>
  <system-out>
Post created succesfully  </system-out>
  <testcase name="createAPost" time="0.839" classname="tests.Abcd"/>
  <system-out>
Post created succesfully  </system-out>
  <testcase name="createAPost" time="0.843" classname="tests.Abcd"/>
  <system-out>
Post created succesfully  </system-out>
</testsuite> <!-- tests.Abcd -->
