<?xml version="1.0" encoding="UTF-8"?>
<!-- Generated by org.testng.reporters.JUnitReportReporter -->
<testsuite skipped="0" hostname="DESKTOP-D8HNM4S" name="tests.TestNGCRUDViaDataProviderExcelOnlyParameterizedMethod" tests="6" failures="0" timestamp="2020-11-09T20:31:11 IST" time="8.188" errors="0">
  <testcase name="createAPost" time="0.824" classname="tests.TestNGCRUDViaDataProviderExcelOnlyParameterizedMethod"/>
  <system-out>
Post created succesfully  </system-out>
  <testcase name="createAPost" time="3.214" classname="tests.TestNGCRUDViaDataProviderExcelOnlyParameterizedMethod"/>
  <system-out>
Post created succesfully  </system-out>
  <testcase name="createAPost" time="0.850" classname="tests.TestNGCRUDViaDataProviderExcelOnlyParameterizedMethod"/>
  <system-out>
Post created succesfully  </system-out>
  <testcase name="createAPost" time="0.809" classname="tests.TestNGCRUDViaDataProviderExcelOnlyParameterizedMethod"/>
  <system-out>
Post created succesfully  </system-out>
  <testcase name="createAPost" time="1.656" classname="tests.TestNGCRUDViaDataProviderExcelOnlyParameterizedMethod"/>
  <system-out>
Post created succesfully  </system-out>
  <testcase name="createAPost" time="0.835" classname="tests.TestNGCRUDViaDataProviderExcelOnlyParameterizedMethod"/>
  <system-out>
Post created succesfully  </system-out>
</testsuite> <!-- tests.TestNGCRUDViaDataProviderExcelOnlyParameterizedMethod -->
