<?xml version="1.0" encoding="UTF-8"?>
<!-- Generated by org.testng.reporters.JUnitReportReporter -->
<testsuite skipped="0" hostname="DESKTOP-D8HNM4S" name="tests.TestNGCRUDViaDataProviderOnlyParameterizedMethod" tests="6" failures="0" timestamp="2020-11-22T01:15:01 IST" time="7.825" errors="0">
  <testcase name="createAPost" time="0.937" classname="tests.TestNGCRUDViaDataProviderOnlyParameterizedMethod"/>
  <system-out>
Post created succesfully  </system-out>
  <testcase name="createAPost" time="0.968" classname="tests.TestNGCRUDViaDataProviderOnlyParameterizedMethod"/>
  <system-out>
Post created succesfully  </system-out>
  <testcase name="createAPost" time="0.953" classname="tests.TestNGCRUDViaDataProviderOnlyParameterizedMethod"/>
  <system-out>
Post created succesfully  </system-out>
  <testcase name="createAPost" time="2.453" classname="tests.TestNGCRUDViaDataProviderOnlyParameterizedMethod"/>
  <system-out>
Post created succesfully  </system-out>
  <testcase name="createAPost" time="1.015" classname="tests.TestNGCRUDViaDataProviderOnlyParameterizedMethod"/>
  <system-out>
Post created succesfully  </system-out>
  <testcase name="createAPost" time="1.499" classname="tests.TestNGCRUDViaDataProviderOnlyParameterizedMethod"/>
  <system-out>
Post created succesfully  </system-out>
</testsuite> <!-- tests.TestNGCRUDViaDataProviderOnlyParameterizedMethod -->
