<?xml version="1.0" encoding="UTF-8"?>
<!-- Generated by org.testng.reporters.JUnitReportReporter -->
<testsuite skipped="0" hostname="DESKTOP-D8HNM4S" name="tests.TestNGCRUD" tests="5" failures="1" timestamp="2020-11-08T18:16:00 IST" time="9.235" errors="0">
  <testcase name="deleteAPost" time="3.523" classname="tests.TestNGCRUD"/>
  <system-out>
Post deleted succesfully  </system-out>
  <testcase name="getAllPosts" time="1.007" classname="tests.TestNGCRUD"/>
  <system-out>
All posts resource working correctly  </system-out>
  <testcase name="getSpecificPost" time="1.709" classname="tests.TestNGCRUD"/>
  <system-out>
Specific post resource working correctly  </system-out>
  <testcase name="createAPost" time="1.087" classname="tests.TestNGCRUD"/>
  <system-out>
Post created succesfully  </system-out>
  <testcase name="updateAPost" time="1.909" classname="tests.TestNGCRUD">
    <failure type="java.lang.AssertionError" message="null">
      <![CDATA[java.lang.AssertionError: null
at org.testng.Assert.fail(Assert.java:99)
at org.testng.Assert.fail(Assert.java:106)
at tests.TestNGCRUD.updateAPost(TestNGCRUD.java:117)
at sun.reflect.NativeMethodAccessorImpl.invoke0(Native Method)
at sun.reflect.NativeMethodAccessorImpl.invoke(NativeMethodAccessorImpl.java:62)
at sun.reflect.DelegatingMethodAccessorImpl.invoke(DelegatingMethodAccessorImpl.java:43)
at java.lang.reflect.Method.invoke(Method.java:498)
at org.testng.internal.MethodInvocationHelper.invokeMethod(MethodInvocationHelper.java:132)
at org.testng.internal.TestInvoker.invokeMethod(TestInvoker.java:599)
at org.testng.internal.TestInvoker.invokeTestMethod(TestInvoker.java:174)
at org.testng.internal.MethodRunner.runInSequence(MethodRunner.java:46)
at org.testng.internal.TestInvoker$MethodInvocationAgent.invoke(TestInvoker.java:822)
at org.testng.internal.TestInvoker.invokeTestMethods(TestInvoker.java:147)
at org.testng.internal.TestMethodWorker.invokeTestMethods(TestMethodWorker.java:146)
at org.testng.internal.TestMethodWorker.run(TestMethodWorker.java:128)
at java.util.concurrent.ThreadPoolExecutor.runWorker(ThreadPoolExecutor.java:1149)
at java.util.concurrent.ThreadPoolExecutor$Worker.run(ThreadPoolExecutor.java:624)
at java.lang.Thread.run(Thread.java:748)
]]>
    </failure>
  </testcase> <!-- updateAPost -->
  <system-out>
Post not updated  </system-out>
</testsuite> <!-- tests.TestNGCRUD -->
