<?xml version="1.0" encoding="UTF-8"?>
<!-- Generated by org.testng.reporters.JUnitReportReporter -->
<testsuite skipped="0" hostname="DESKTOP-D8HNM4S" name="tests.PQRS2" tests="4" failures="0" timestamp="2020-11-08T20:50:17 IST" time="68.870" errors="0">
  <testcase name="launchSite1" time="16.503" classname="tests.PQRS2"/>
  <system-out/>
  <testcase name="launchSite2" time="14.368" classname="tests.PQRS2"/>
  <system-out/>
  <testcase name="launchSite3" time="22.689" classname="tests.PQRS2"/>
  <system-out/>
  <testcase name="launchSite4" time="15.310" classname="tests.PQRS2"/>
  <system-out/>
</testsuite> <!-- tests.PQRS2 -->
