<?xml version="1.0" encoding="UTF-8"?>
<!-- Generated by org.testng.reporters.JUnitReportReporter -->
<testsuite skipped="0" hostname="DESKTOP-D8HNM4S" name="tests.MultipleMethodsTakingDifferentDataFromOneDataProvider" tests="9" failures="0" timestamp="2020-11-10T20:33:03 IST" time="0.030" errors="0">
  <testcase name="addition" time="0.008" classname="tests.MultipleMethodsTakingDifferentDataFromOneDataProvider"/>
  <system-out/>
  <testcase name="addition" time="0.002" classname="tests.MultipleMethodsTakingDifferentDataFromOneDataProvider"/>
  <system-out/>
  <testcase name="addition" time="0.002" classname="tests.MultipleMethodsTakingDifferentDataFromOneDataProvider"/>
  <system-out/>
  <testcase name="addition" time="0.001" classname="tests.MultipleMethodsTakingDifferentDataFromOneDataProvider"/>
  <system-out/>
  <testcase name="concatination" time="0.002" classname="tests.MultipleMethodsTakingDifferentDataFromOneDataProvider"/>
  <system-out/>
  <testcase name="concatination" time="0.002" classname="tests.MultipleMethodsTakingDifferentDataFromOneDataProvider"/>
  <system-out/>
  <testcase name="concatination" time="0.006" classname="tests.MultipleMethodsTakingDifferentDataFromOneDataProvider"/>
  <system-out/>
  <testcase name="concatination" time="0.004" classname="tests.MultipleMethodsTakingDifferentDataFromOneDataProvider"/>
  <system-out/>
  <testcase name="nonDataProviderMethod" time="0.003" classname="tests.MultipleMethodsTakingDifferentDataFromOneDataProvider"/>
  <system-out/>
</testsuite> <!-- tests.MultipleMethodsTakingDifferentDataFromOneDataProvider -->
