<?xml version="1.0" encoding="UTF-8"?>
<!-- Generated by org.testng.reporters.JUnitReportReporter -->
<testsuite skipped="0" hostname="DESKTOP-D8HNM4S" name="tests.PQRS4" tests="4" failures="0" timestamp="2020-11-08T20:50:17 IST" time="67.567" errors="0">
  <testcase name="launchSite1" time="13.308" classname="tests.PQRS4"/>
  <system-out/>
  <testcase name="launchSite2" time="17.964" classname="tests.PQRS4"/>
  <system-out/>
  <testcase name="launchSite3" time="22.501" classname="tests.PQRS4"/>
  <system-out/>
  <testcase name="launchSite4" time="13.794" classname="tests.PQRS4"/>
  <system-out/>
</testsuite> <!-- tests.PQRS4 -->
