<?xml version="1.0" encoding="UTF-8"?>
<!-- Generated by org.testng.reporters.JUnitReportReporter -->
<testsuite skipped="0" hostname="DESKTOP-D8HNM4S" name="tests.PQRS" tests="4" failures="0" timestamp="2020-11-08T20:35:22 IST" time="82.344" errors="0">
  <testcase name="launchSite1" time="19.131" classname="tests.PQRS"/>
  <system-out/>
  <testcase name="launchSite2" time="22.988" classname="tests.PQRS"/>
  <system-out/>
  <testcase name="launchSite3" time="21.588" classname="tests.PQRS"/>
  <system-out/>
  <testcase name="launchSite4" time="18.637" classname="tests.PQRS"/>
  <system-out/>
</testsuite> <!-- tests.PQRS -->
