<?xml version="1.0" encoding="UTF-8"?>
<!-- Generated by org.testng.reporters.JUnitReportReporter -->
<testsuite skipped="0" hostname="DESKTOP-D8HNM4S" name="tests.TestNGCRUDViaDataProviderClassOnlyParameterizedMethod" tests="6" failures="0" timestamp="2020-11-09T19:56:54 IST" time="8.824" errors="0">
  <testcase name="createAPost" time="1.754" classname="tests.TestNGCRUDViaDataProviderClassOnlyParameterizedMethod"/>
  <system-out>
Post created succesfully  </system-out>
  <testcase name="createAPost" time="0.855" classname="tests.TestNGCRUDViaDataProviderClassOnlyParameterizedMethod"/>
  <system-out>
Post created succesfully  </system-out>
  <testcase name="createAPost" time="0.806" classname="tests.TestNGCRUDViaDataProviderClassOnlyParameterizedMethod"/>
  <system-out>
Post created succesfully  </system-out>
  <testcase name="createAPost" time="0.965" classname="tests.TestNGCRUDViaDataProviderClassOnlyParameterizedMethod"/>
  <system-out>
Post created succesfully  </system-out>
  <testcase name="createAPost" time="0.916" classname="tests.TestNGCRUDViaDataProviderClassOnlyParameterizedMethod"/>
  <system-out>
Post created succesfully  </system-out>
  <testcase name="createAPost" time="3.528" classname="tests.TestNGCRUDViaDataProviderClassOnlyParameterizedMethod"/>
  <system-out>
Post created succesfully  </system-out>
</testsuite> <!-- tests.TestNGCRUDViaDataProviderClassOnlyParameterizedMethod -->
