<?xml version="1.0" encoding="UTF-8"?>
<!-- Generated by org.testng.reporters.JUnitReportReporter -->
<testsuite skipped="0" hostname="DESKTOP-D8HNM4S" name="tests.TestNGCRUDViaParametersOnlyParameterizedMethod" tests="3" failures="0" timestamp="2020-11-09T15:40:13 IST" time="6.651" errors="0">
  <testcase name="createAPost" time="1.007" classname="tests.TestNGCRUDViaParametersOnlyParameterizedMethod"/>
  <system-out>
Post created succesfully  </system-out>
  <testcase name="createAPost" time="4.654" classname="tests.TestNGCRUDViaParametersOnlyParameterizedMethod"/>
  <system-out>
Post created succesfully  </system-out>
  <testcase name="createAPost" time="0.990" classname="tests.TestNGCRUDViaParametersOnlyParameterizedMethod"/>
  <system-out>
Post created succesfully  </system-out>
</testsuite> <!-- tests.TestNGCRUDViaParametersOnlyParameterizedMethod -->
