<?xml version="1.0" encoding="UTF-8"?>
<!-- Generated by org.testng.reporters.JUnitReportReporter -->
<testsuite skipped="0" hostname="DESKTOP-D8HNM4S" name="tests.NewTest1" tests="4" failures="0" timestamp="2020-11-09T18:00:58 IST" time="0.021" errors="0">
  <testcase name="hi" time="0.001" classname="tests.NewTest1"/>
  <system-out/>
  <testcase name="hi" time="0.002" classname="tests.NewTest1"/>
  <system-out/>
  <testcase name="hi" time="0.016" classname="tests.NewTest1"/>
  <system-out/>
  <testcase name="hi" time="0.002" classname="tests.NewTest1"/>
  <system-out/>
</testsuite> <!-- tests.NewTest1 -->
