<?xml version="1.0" encoding="UTF-8"?>
<!-- Generated by org.testng.reporters.JUnitReportReporter -->
<testsuite skipped="1" hostname="DESKTOP-D8HNM4S" name="tests.TestNGCRUDWithAllTestProperties" tests="17" failures="0" timestamp="2020-11-09T14:44:36 IST" time="8.095" errors="2">
  <testcase name="method1" time="0.012" classname="tests.TestNGCRUDWithAllTestProperties"/>
  <system-out>
priority attribute utilization  </system-out>
  <testcase name="method3" time="0.001" classname="tests.TestNGCRUDWithAllTestProperties"/>
  <system-out>
description attribute describes the finctionality of your method  </system-out>
  <testcase name="method4" time="3.007" classname="tests.TestNGCRUDWithAllTestProperties">
    <error type="org.testng.internal.thread.ThreadTimeoutException" message="Method tests.TestNGCRUDWithAllTestProperties.method4() didn&#039;t finish within the time-out 3000">
      <![CDATA[org.testng.internal.thread.ThreadTimeoutException: Method tests.TestNGCRUDWithAllTestProperties.method4() didn't finish within the time-out 3000
at org.testng.internal.MethodInvocationHelper.invokeWithTimeoutWithNewExecutor(MethodInvocationHelper.java:371)
at org.testng.internal.MethodInvocationHelper.invokeWithTimeout(MethodInvocationHelper.java:282)
at org.testng.internal.TestInvoker.invokeMethod(TestInvoker.java:605)
at org.testng.internal.TestInvoker.invokeTestMethod(TestInvoker.java:174)
at org.testng.internal.MethodRunner.runInSequence(MethodRunner.java:46)
at org.testng.internal.TestInvoker$MethodInvocationAgent.invoke(TestInvoker.java:822)
at org.testng.internal.TestInvoker.invokeTestMethods(TestInvoker.java:147)
at org.testng.internal.TestMethodWorker.invokeTestMethods(TestMethodWorker.java:146)
at org.testng.internal.TestMethodWorker.run(TestMethodWorker.java:128)
at java.util.ArrayList.forEach(ArrayList.java:1257)
at org.testng.TestRunner.privateRun(TestRunner.java:764)
at org.testng.TestRunner.run(TestRunner.java:585)
at org.testng.SuiteRunner.runTest(SuiteRunner.java:384)
at org.testng.SuiteRunner.runSequentially(SuiteRunner.java:378)
at org.testng.SuiteRunner.privateRun(SuiteRunner.java:337)
at org.testng.SuiteRunner.run(SuiteRunner.java:286)
at org.testng.SuiteRunnerWorker.runSuite(SuiteRunnerWorker.java:53)
at org.testng.SuiteRunnerWorker.run(SuiteRunnerWorker.java:96)
at org.testng.TestNG.runSuitesSequentially(TestNG.java:1218)
at org.testng.TestNG.runSuitesLocally(TestNG.java:1140)
at org.testng.TestNG.runSuites(TestNG.java:1069)
at org.testng.TestNG.run(TestNG.java:1037)
at org.testng.remote.AbstractRemoteTestNG.run(AbstractRemoteTestNG.java:115)
at org.testng.remote.RemoteTestNG.initAndRun(RemoteTestNG.java:251)
at org.testng.remote.RemoteTestNG.main(RemoteTestNG.java:77)
]]>
    </error>
  </testcase> <!-- method4 -->
  <system-out/>
  <testcase name="method5" time="0.019" classname="tests.TestNGCRUDWithAllTestProperties"/>
  <system-out/>
  <testcase name="method5" time="0.012" classname="tests.TestNGCRUDWithAllTestProperties"/>
  <system-out/>
  <testcase name="method5" time="0.011" classname="tests.TestNGCRUDWithAllTestProperties"/>
  <system-out/>
  <testcase name="method5" time="0.003" classname="tests.TestNGCRUDWithAllTestProperties"/>
  <system-out/>
  <testcase name="method5" time="0.004" classname="tests.TestNGCRUDWithAllTestProperties"/>
  <system-out/>
  <testcase name="method6" time="5.002" classname="tests.TestNGCRUDWithAllTestProperties">
    <error type="org.testng.internal.thread.ThreadTimeoutException" message="Method tests.TestNGCRUDWithAllTestProperties.method6() didn&#039;t finish within the time-out 5000">
      <![CDATA[org.testng.internal.thread.ThreadTimeoutException: Method tests.TestNGCRUDWithAllTestProperties.method6() didn't finish within the time-out 5000
at org.testng.internal.MethodInvocationHelper.invokeWithTimeoutWithNewExecutor(MethodInvocationHelper.java:371)
at org.testng.internal.MethodInvocationHelper.invokeWithTimeout(MethodInvocationHelper.java:282)
at org.testng.internal.TestInvoker.invokeMethod(TestInvoker.java:605)
at org.testng.internal.TestInvoker.invokeTestMethod(TestInvoker.java:174)
at org.testng.internal.MethodRunner.runInSequence(MethodRunner.java:46)
at org.testng.internal.TestInvoker$MethodInvocationAgent.invoke(TestInvoker.java:822)
at org.testng.internal.TestInvoker.invokeTestMethods(TestInvoker.java:147)
at org.testng.internal.TestMethodWorker.invokeTestMethods(TestMethodWorker.java:146)
at org.testng.internal.TestMethodWorker.run(TestMethodWorker.java:128)
at java.util.ArrayList.forEach(ArrayList.java:1257)
at org.testng.TestRunner.privateRun(TestRunner.java:764)
at org.testng.TestRunner.run(TestRunner.java:585)
at org.testng.SuiteRunner.runTest(SuiteRunner.java:384)
at org.testng.SuiteRunner.runSequentially(SuiteRunner.java:378)
at org.testng.SuiteRunner.privateRun(SuiteRunner.java:337)
at org.testng.SuiteRunner.run(SuiteRunner.java:286)
at org.testng.SuiteRunnerWorker.runSuite(SuiteRunnerWorker.java:53)
at org.testng.SuiteRunnerWorker.run(SuiteRunnerWorker.java:96)
at org.testng.TestNG.runSuitesSequentially(TestNG.java:1218)
at org.testng.TestNG.runSuitesLocally(TestNG.java:1140)
at org.testng.TestNG.runSuites(TestNG.java:1069)
at org.testng.TestNG.run(TestNG.java:1037)
at org.testng.remote.AbstractRemoteTestNG.run(AbstractRemoteTestNG.java:115)
at org.testng.remote.RemoteTestNG.initAndRun(RemoteTestNG.java:251)
at org.testng.remote.RemoteTestNG.main(RemoteTestNG.java:77)
]]>
    </error>
  </testcase> <!-- method6 -->
  <system-out/>
  <testcase name="method7" time="0.001" classname="tests.TestNGCRUDWithAllTestProperties"/>
  <system-out/>
  <testcase name="method8" time="0.004" classname="tests.TestNGCRUDWithAllTestProperties"/>
  <system-out/>
  <testcase name="method9" time="0.005" classname="tests.TestNGCRUDWithAllTestProperties"/>
  <system-out/>
  <testcase name="method10" time="0.004" classname="tests.TestNGCRUDWithAllTestProperties"/>
  <system-out/>
  <testcase name="method11" time="0.005" classname="tests.TestNGCRUDWithAllTestProperties"/>
  <system-out/>
  <testcase name="method12" time="0.002" classname="tests.TestNGCRUDWithAllTestProperties"/>
  <system-out/>
  <testcase name="method13" time="0.003" classname="tests.TestNGCRUDWithAllTestProperties"/>
  <system-out/>
  <testcase name="method2" classname="tests.TestNGCRUDWithAllTestProperties">
    <skipped/>
  </testcase> <!-- method2 -->
  <system-out/>
</testsuite> <!-- tests.TestNGCRUDWithAllTestProperties -->
