<?xml version="1.0" encoding="UTF-8"?>
<!-- Generated by org.testng.reporters.JUnitReportReporter -->
<testsuite skipped="0" hostname="DESKTOP-D8HNM4S" name="tests.SoftAssertInTestNGWithoutAssertAll" tests="2" failures="0" timestamp="2020-11-10T20:18:18 IST" time="0.049" errors="0">
  <testcase name="method1" time="0.045" classname="tests.SoftAssertInTestNGWithoutAssertAll"/>
  <system-out>
Test Passed  </system-out>
  <testcase name="method2" time="0.004" classname="tests.SoftAssertInTestNGWithoutAssertAll"/>
  <system-out>
Test Failed  </system-out>
</testsuite> <!-- tests.SoftAssertInTestNGWithoutAssertAll -->
