<?xml version="1.0" encoding="UTF-8"?>
<!-- Generated by org.testng.reporters.JUnitReportReporter -->
<testsuite skipped="0" hostname="DESKTOP-D8HNM4S" name="tests.TestNGCRUDViaParametersOnlyParameterizedMethodParallelTests" tests="3" failures="0" timestamp="2020-11-09T15:46:16 IST" time="14.032" errors="0">
  <testcase name="createAPost" time="4.677" classname="tests.TestNGCRUDViaParametersOnlyParameterizedMethodParallelTests"/>
  <system-out>
Post created succesfully  </system-out>
  <testcase name="createAPost" time="4.679" classname="tests.TestNGCRUDViaParametersOnlyParameterizedMethodParallelTests"/>
  <system-out>
Post created succesfully  </system-out>
  <testcase name="createAPost" time="4.676" classname="tests.TestNGCRUDViaParametersOnlyParameterizedMethodParallelTests"/>
  <system-out>
Post created succesfully  </system-out>
</testsuite> <!-- tests.TestNGCRUDViaParametersOnlyParameterizedMethodParallelTests -->
